<?xml version="1.0" encoding="UTF-8"?>
<!-- Generated by org.testng.reporters.JUnitXMLReporter -->
<testsuite hostname="Amruthas-MacBook-Air.local" ignored="0" name="Free CRM App Test Cases" tests="10" failures="0" timestamp="23 Oct 2019 18:20:52 GMT" time="82.066" errors="0">
  <testcase name="loginPageTitleTest" time="0.046" classname="com.crm.qa.TestCases.LoginPageTest"/>
  <testcase name="verifyHomePageTitleTest" time="0.02" classname="com.crm.qa.TestCases.HomePageTest"/>
  <testcase name="verifyContactsPageLabel" time="0.141" classname="com.crm.qa.TestCases.ContactsPageTest"/>
  <testcase name="crmLogoImageTest" time="0.348" classname="com.crm.qa.TestCases.LoginPageTest"/>
  <testcase name="verifyUserNameTest" time="3.723" classname="com.crm.qa.TestCases.HomePageTest"/>
  <testcase name="selectSingleContactsTest" time="1.436" classname="com.crm.qa.TestCases.ContactsPageTest"/>
  <testcase name="loginTest" time="2.893" classname="com.crm.qa.TestCases.LoginPageTest"/>
  <testcase name="verifyContactsLinkTest" time="2.706" classname="com.crm.qa.TestCases.HomePageTest"/>
  <testcase name="selectMultipleContactsTest" time="0.79" classname="com.crm.qa.TestCases.ContactsPageTest"/>
  <testcase name="validateCreateNewContact" time="0.0" classname="com.crm.qa.TestCases.ContactsPageTest">
    <skipped/>
  </testcase> <!-- validateCreateNewContact -->
</testsuite> <!-- Free CRM App Test Cases -->
