<?xml version="1.0" encoding="UTF-8"?>
<!-- Generated by org.testng.reporters.JUnitXMLReporter -->
<testsuite hostname="Amruthas-MacBook-Air.local" ignored="0" name="Default test" tests="4" failures="0" timestamp="23 Oct 2019 18:29:04 GMT" time="47.033" errors="0">
  <testcase name="verifyContactsPageLabel" time="0.238" classname="com.crm.qa.TestCases.ContactsPageTest"/>
  <testcase name="selectSingleContactsTest" time="3.315" classname="com.crm.qa.TestCases.ContactsPageTest"/>
  <testcase name="selectMultipleContactsTest" time="3.901" classname="com.crm.qa.TestCases.ContactsPageTest"/>
  <testcase name="validateCreateNewContact" time="0.0" classname="com.crm.qa.TestCases.ContactsPageTest">
    <skipped/>
  </testcase> <!-- validateCreateNewContact -->
</testsuite> <!-- Default test -->
