<?xml version="1.0" encoding="UTF-8"?>
<testng-results skipped="1" failed="0" ignored="0" total="4" passed="3">
  <reporter-output>
  </reporter-output>
  <suite name="Default suite" duration-ms="47033" started-at="2019-10-23T18:28:17Z" finished-at="2019-10-23T18:29:04Z">
    <groups>
    </groups>
    <test name="Default test" duration-ms="47033" started-at="2019-10-23T18:28:17Z" finished-at="2019-10-23T18:29:04Z">
      <class name="com.crm.qa.TestCases.ContactsPageTest">
        <test-method status="PASS" signature="setUp()[pri:0, instance:com.crm.qa.TestCases.ContactsPageTest@3bfdc050]" name="setUp" is-config="true" duration-ms="13857" started-at="2019-10-23T11:28:17Z" finished-at="2019-10-23T11:28:31Z">
          <reporter-output>
          </reporter-output>
        </test-method> <!-- setUp -->
        <test-method status="PASS" signature="verifyContactsPageLabel()[pri:1, instance:com.crm.qa.TestCases.ContactsPageTest@3bfdc050]" name="verifyContactsPageLabel" duration-ms="238" started-at="2019-10-23T11:28:31Z" finished-at="2019-10-23T11:28:31Z">
          <reporter-output>
          </reporter-output>
        </test-method> <!-- verifyContactsPageLabel -->
        <test-method status="PASS" signature="tearDown()[pri:0, instance:com.crm.qa.TestCases.ContactsPageTest@3bfdc050]" name="tearDown" is-config="true" duration-ms="268" started-at="2019-10-23T11:28:31Z" finished-at="2019-10-23T11:28:31Z">
          <reporter-output>
          </reporter-output>
        </test-method> <!-- tearDown -->
        <test-method status="PASS" signature="setUp()[pri:0, instance:com.crm.qa.TestCases.ContactsPageTest@3bfdc050]" name="setUp" is-config="true" duration-ms="12125" started-at="2019-10-23T11:28:31Z" finished-at="2019-10-23T11:28:43Z">
          <reporter-output>
          </reporter-output>
        </test-method> <!-- setUp -->
        <test-method status="PASS" signature="selectSingleContactsTest()[pri:2, instance:com.crm.qa.TestCases.ContactsPageTest@3bfdc050]" name="selectSingleContactsTest" duration-ms="3315" started-at="2019-10-23T11:28:43Z" finished-at="2019-10-23T11:28:47Z">
          <reporter-output>
          </reporter-output>
        </test-method> <!-- selectSingleContactsTest -->
        <test-method status="PASS" signature="tearDown()[pri:0, instance:com.crm.qa.TestCases.ContactsPageTest@3bfdc050]" name="tearDown" is-config="true" duration-ms="265" started-at="2019-10-23T11:28:47Z" finished-at="2019-10-23T11:28:47Z">
          <reporter-output>
          </reporter-output>
        </test-method> <!-- tearDown -->
        <test-method status="PASS" signature="setUp()[pri:0, instance:com.crm.qa.TestCases.ContactsPageTest@3bfdc050]" name="setUp" is-config="true" duration-ms="12764" started-at="2019-10-23T11:28:47Z" finished-at="2019-10-23T11:29:00Z">
          <reporter-output>
          </reporter-output>
        </test-method> <!-- setUp -->
        <test-method status="PASS" signature="selectMultipleContactsTest()[pri:3, instance:com.crm.qa.TestCases.ContactsPageTest@3bfdc050]" name="selectMultipleContactsTest" duration-ms="3901" started-at="2019-10-23T11:29:00Z" finished-at="2019-10-23T11:29:04Z">
          <reporter-output>
          </reporter-output>
        </test-method> <!-- selectMultipleContactsTest -->
        <test-method status="PASS" signature="tearDown()[pri:0, instance:com.crm.qa.TestCases.ContactsPageTest@3bfdc050]" name="tearDown" is-config="true" duration-ms="202" started-at="2019-10-23T11:29:04Z" finished-at="2019-10-23T11:29:04Z">
          <reporter-output>
          </reporter-output>
        </test-method> <!-- tearDown -->
        <test-method status="SKIP" signature="validateCreateNewContact(java.lang.String, java.lang.String, java.lang.String)[pri:4, instance:com.crm.qa.TestCases.ContactsPageTest@3bfdc050]" name="validateCreateNewContact" duration-ms="0" started-at="2019-10-23T11:29:04Z" data-provider="getCRMTestData" finished-at="2019-10-23T11:29:04Z">
          <exception class="java.lang.RuntimeException">
            <message>
              <![CDATA[java.lang.NullPointerException]]>
            </message>
            <full-stacktrace>
              <![CDATA[java.lang.RuntimeException: java.lang.NullPointerException
	at org.testng.internal.MethodInvocationHelper.invokeMethodNoCheckedException(MethodInvocationHelper.java:49)
	at org.testng.internal.MethodInvocationHelper.invokeDataProvider(MethodInvocationHelper.java:115)
	at org.testng.internal.Parameters.handleParameters(Parameters.java:509)
	at org.testng.internal.Invoker.handleParameters(Invoker.java:1308)
	at org.testng.internal.Invoker.createParameters(Invoker.java:1036)
	at org.testng.internal.Invoker.invokeTestMethods(Invoker.java:1126)
	at org.testng.internal.TestMethodWorker.invokeTestMethods(TestMethodWorker.java:126)
	at org.testng.internal.TestMethodWorker.run(TestMethodWorker.java:109)
	at org.testng.TestRunner.privateRun(TestRunner.java:744)
	at org.testng.TestRunner.run(TestRunner.java:602)
	at org.testng.SuiteRunner.runTest(SuiteRunner.java:380)
	at org.testng.SuiteRunner.runSequentially(SuiteRunner.java:375)
	at org.testng.SuiteRunner.privateRun(SuiteRunner.java:340)
	at org.testng.SuiteRunner.run(SuiteRunner.java:289)
	at org.testng.SuiteRunnerWorker.runSuite(SuiteRunnerWorker.java:52)
	at org.testng.SuiteRunnerWorker.run(SuiteRunnerWorker.java:86)
	at org.testng.TestNG.runSuitesSequentially(TestNG.java:1301)
	at org.testng.TestNG.runSuitesLocally(TestNG.java:1226)
	at org.testng.TestNG.runSuites(TestNG.java:1144)
	at org.testng.TestNG.run(TestNG.java:1115)
	at org.testng.remote.AbstractRemoteTestNG.run(AbstractRemoteTestNG.java:114)
	at org.testng.remote.RemoteTestNG.initAndRun(RemoteTestNG.java:251)
	at org.testng.remote.RemoteTestNG.main(RemoteTestNG.java:77)
Caused by: java.lang.NullPointerException
	at org.apache.poi.ss.usermodel.WorkbookFactory.create(WorkbookFactory.java:65)
	at com.crm.qa.util.TestUtil.getTestData(TestUtil.java:34)
	at com.crm.qa.TestCases.ContactsPageTest.getCRMTestData(ContactsPageTest.java:67)
	at sun.reflect.NativeMethodAccessorImpl.invoke0(Native Method)
	at sun.reflect.NativeMethodAccessorImpl.invoke(NativeMethodAccessorImpl.java:62)
	at sun.reflect.DelegatingMethodAccessorImpl.invoke(DelegatingMethodAccessorImpl.java:43)
	at java.lang.reflect.Method.invoke(Method.java:498)
	at org.testng.internal.MethodInvocationHelper.invokeMethod(MethodInvocationHelper.java:108)
	at org.testng.internal.MethodInvocationHelper.invokeMethod(MethodInvocationHelper.java:55)
	at org.testng.internal.MethodInvocationHelper.invokeMethodNoCheckedException(MethodInvocationHelper.java:45)
	... 22 more
]]>
            </full-stacktrace>
          </exception> <!-- java.lang.RuntimeException -->
          <reporter-output>
          </reporter-output>
        </test-method> <!-- validateCreateNewContact -->
      </class> <!-- com.crm.qa.TestCases.ContactsPageTest -->
    </test> <!-- Default test -->
  </suite> <!-- Default suite -->
</testng-results>
